<?xml version="1.0" encoding="UTF-8"?>
<testng-results ignored="0" total="1" passed="1" failed="0" skipped="0">
  <reporter-output>
  </reporter-output>
  <suite started-at="2025-08-27T17:02:33 WIB" name="Import Absen dan Laporan Lembur Test Suite" finished-at="2025-08-27T17:03:00 WIB" duration-ms="26753">
    <groups>
      <group name="cucumber">
        <method signature="AbstractTestNGCucumberTests.runScenario(io.cucumber.testng.PickleWrapper,io.cucumber.testng.FeatureWrapper)[pri:0, instance:com.juaracoding.hadir.runners.RunnerLemburTest@34a3d150]" name="runScenario" class="io.cucumber.testng.AbstractTestNGCucumberTests"/>
      </group> <!-- cucumber -->
    </groups>
    <test started-at="2025-08-27T17:02:33 WIB" name="Import absen hadir dan Laporan Lembur" finished-at="2025-08-27T17:03:00 WIB" duration-ms="26753">
      <class name="com.juaracoding.hadir.runners.RunnerLemburTest">
        <test-method is-config="true" signature="setUpClass(org.testng.ITestContext)[pri:0, instance:com.juaracoding.hadir.runners.RunnerLemburTest@34a3d150]" started-at="2025-08-27T17:02:33 WIB" name="setUpClass" finished-at="2025-08-27T17:02:34 WIB" duration-ms="836" status="PASS">
          <params>
            <param index="0">
              <value>
                <![CDATA[org.testng.TestRunner@55fdf7f9]]>
              </value>
            </param>
          </params>
          <reporter-output>
          </reporter-output>
        </test-method> <!-- setUpClass -->
        <test-method signature="runScenario(io.cucumber.testng.PickleWrapper,io.cucumber.testng.FeatureWrapper)[pri:0, instance:com.juaracoding.hadir.runners.RunnerLemburTest@34a3d150]" started-at="2025-08-27T17:02:34 WIB" name="runScenario" description="Runs Cucumber Scenarios" data-provider="scenarios" finished-at="2025-08-27T17:03:00 WIB" duration-ms="25320" status="PASS">
          <params>
            <param index="0">
              <value>
                <![CDATA["User mencari laporan lembur berdasarkan Filter untuk departemen yang tidak ada"]]>
              </value>
            </param>
            <param index="1">
              <value>
                <![CDATA["Laporan Lembur"]]>
              </value>
            </param>
          </params>
          <reporter-output>
          </reporter-output>
        </test-method> <!-- runScenario -->
        <test-method is-config="true" signature="tearDownClass()[pri:0, instance:com.juaracoding.hadir.runners.RunnerLemburTest@34a3d150]" started-at="2025-08-27T17:03:00 WIB" name="tearDownClass" finished-at="2025-08-27T17:03:00 WIB" duration-ms="545" status="PASS">
          <reporter-output>
          </reporter-output>
        </test-method> <!-- tearDownClass -->
      </class> <!-- com.juaracoding.hadir.runners.RunnerLemburTest -->
    </test> <!-- Import absen hadir dan Laporan Lembur -->
  </suite> <!-- Import Absen dan Laporan Lembur Test Suite -->
</testng-results>
