<?xml version="1.0" encoding="UTF-8"?>
<testsuite xmlns:xsi="http://www.w3.org/2001/XMLSchema-instance" xsi:noNamespaceSchemaLocation="https://maven.apache.org/surefire/maven-surefire-plugin/xsd/surefire-test-report-3.0.xsd" version="3.0" name="TestSuite" time="86.426" tests="8" errors="0" skipped="0" failures="0">
  <properties>
[...]
</properties>
  <testcase name="runScenario[&quot;User mencari laporan koreksi berdasarkan nama &amp; tanggal Valid&quot;, &quot;Laporan Koreksi&quot;](1)" classname="com.juaracoding.hadir.runners.RunnerTest" time="5.562">
    <system-out><![CDATA[
@positive
Scenario: User mencari laporan koreksi berdasarkan nama & tanggal Valid  &amp#27;[90m# src/test/resources/features/LaporanKoreksi.feature:4&amp#27;[0m
  &amp#27;[32mGiven &amp#27;[0m&amp#27;[32mUser login sebagai admin&amp#27;[0m                                         &amp#27;[90m# com.juaracoding.hadir.definitions.cummonsteps.CummonSteps.user_login_sebagai_admin()&amp#27;[0m
  &amp#27;[32mAnd &amp#27;[0m&amp#27;[32mUser masuk ke dashboard&amp#27;[0m                                            &amp#27;[90m# com.juaracoding.hadir.definitions.cummonsteps.CummonSteps.user_masuk_ke_dashboard()&amp#27;[0m
  &amp#27;[32mAnd &amp#27;[0m&amp#27;[32mUser masuk ke halaman Laporan&amp#27;[0m                                      &amp#27;[90m# com.juaracoding.hadir.definitions.cummonsteps.CummonSteps.user_masuk_ke_halaman_laporan()&amp#27;[0m
  &amp#27;[32mAnd &amp#27;[0m&amp#27;[32mUser masuk ke halaman Laporan Koreksi&amp#27;[0m                              &amp#27;[90m# com.juaracoding.hadir.definitions.cummonsteps.CummonSteps.user_masuk_ke_halaman_laporan_koreksi()&amp#27;[0m
  &amp#27;[32mWhen &amp#27;[0m&amp#27;[32mUser memasukkan nama di kolom search valid1&amp#27;[0m                       &amp#27;[90m# com.juaracoding.hadir.definitions.laporanfeature.LaporanKoreksiSteps.user_memasukkan_nama_di_kolom_search_valid1()&amp#27;[0m
  &amp#27;[32mAnd &amp#27;[0m&amp#27;[32mUser pilih tanggal mulai dan tanggal akhir untuk 1 bulan penuh&amp#27;[0m     &amp#27;[90m# com.juaracoding.hadir.definitions.laporanfeature.LaporanKoreksiSteps.user_pilih_tanggal_mulai_dan_tanggal_akhir_untuk_1_bulan_penuh()&amp#27;[0m
  &amp#27;[32mAnd &amp#27;[0m&amp#27;[32mUser klik tombol Cari&amp#27;[0m                                              &amp#27;[90m# com.juaracoding.hadir.definitions.cummonsteps.CummonSteps.user_klik_tombol_cari()&amp#27;[0m
  &amp#27;[32mThen &amp#27;[0m&amp#27;[32mSistem menampilkan data laporan koreksi sesuai yang dicari valid1&amp#27;[0m &amp#27;[90m# com.juaracoding.hadir.definitions.laporanfeature.LaporanKoreksiSteps.sistem_menampilkan_data_laporan_koreksi_sesuai_yang_dicari_valid1()&amp#27;[0m

    Embedding User mencari laporan koreksi berdasarkan nama & tanggal Valid [image/png 155944 bytes]

]]></system-out>
    <system-err><![CDATA[Agu 27, 2025 5:08:25 PM org.openqa.selenium.devtools.CdpVersionFinder findNearestMatch
WARNING: Unable to find an exact match for CDP version 139, returning the closest version; found: 138; Please update to a Selenium version that supports CDP version 139
]]></system-err>
  </testcase>
  <testcase name="runScenario[&quot;User mencari laporan koreksi berdasarkan nama yang valid/terdaftar&quot;, &quot;Laporan Koreksi&quot;](2)" classname="com.juaracoding.hadir.runners.RunnerTest" time="4.523">
    <system-out><![CDATA[
@positive
Scenario: User mencari laporan koreksi berdasarkan nama yang valid/terdaftar             &amp#27;[90m# src/test/resources/features/LaporanKoreksi.feature:15&amp#27;[0m
  &amp#27;[32mGiven &amp#27;[0m&amp#27;[32mUser login sebagai admin&amp#27;[0m                                                         &amp#27;[90m# com.juaracoding.hadir.definitions.cummonsteps.CummonSteps.user_login_sebagai_admin()&amp#27;[0m
  &amp#27;[32mAnd &amp#27;[0m&amp#27;[32mUser masuk ke dashboard&amp#27;[0m                                                            &amp#27;[90m# com.juaracoding.hadir.definitions.cummonsteps.CummonSteps.user_masuk_ke_dashboard()&amp#27;[0m
  &amp#27;[32mAnd &amp#27;[0m&amp#27;[32mUser masuk ke halaman Laporan&amp#27;[0m                                                      &amp#27;[90m# com.juaracoding.hadir.definitions.cummonsteps.CummonSteps.user_masuk_ke_halaman_laporan()&amp#27;[0m
  &amp#27;[32mAnd &amp#27;[0m&amp#27;[32mUser masuk ke halaman Laporan Koreksi&amp#27;[0m                                              &amp#27;[90m# com.juaracoding.hadir.definitions.cummonsteps.CummonSteps.user_masuk_ke_halaman_laporan_koreksi()&amp#27;[0m
  &amp#27;[32mWhen &amp#27;[0m&amp#27;[32mUser memasukkan nama di kolom search valid2&amp#27;[0m                                       &amp#27;[90m# com.juaracoding.hadir.definitions.laporanfeature.LaporanKoreksiSteps.user_memasukkan_nama_di_kolom_search_valid2()&amp#27;[0m
  &amp#27;[32mAnd &amp#27;[0m&amp#27;[32mUser klik tombol Cari&amp#27;[0m                                                              &amp#27;[90m# com.juaracoding.hadir.definitions.cummonsteps.CummonSteps.user_klik_tombol_cari()&amp#27;[0m
  &amp#27;[32mThen &amp#27;[0m&amp#27;[32mSistem menampilkan semua data laporan koreksi berdasarkan nama yang dicari valid2&amp#27;[0m &amp#27;[90m# com.juaracoding.hadir.definitions.laporanfeature.LaporanKoreksiSteps.sistem_menampilkan_semua_data_laporan_koreksi_berdasarkan_nama_yang_dicari_valid2()&amp#27;[0m

    Embedding User mencari laporan koreksi berdasarkan nama yang valid/terdaftar [image/png 154113 bytes]

]]></system-out>
    <system-err><![CDATA[Agu 27, 2025 5:08:30 PM org.openqa.selenium.devtools.CdpVersionFinder findNearestMatch
WARNING: Unable to find an exact match for CDP version 139, returning the closest version; found: 138; Please update to a Selenium version that supports CDP version 139
]]></system-err>
  </testcase>
  <testcase name="runScenario[&quot;User melakukan reset pada pencarian laporan koreksi dengan tanggal valid&quot;, &quot;Laporan Koreksi&quot;](3)" classname="com.juaracoding.hadir.runners.RunnerTest" time="5.052">
    <system-out><![CDATA[
@positive
Scenario: User melakukan reset pada pencarian laporan koreksi dengan tanggal valid          &amp#27;[90m# src/test/resources/features/LaporanKoreksi.feature:25&amp#27;[0m
  &amp#27;[32mGiven &amp#27;[0m&amp#27;[32mUser login sebagai admin&amp#27;[0m                                                            &amp#27;[90m# com.juaracoding.hadir.definitions.cummonsteps.CummonSteps.user_login_sebagai_admin()&amp#27;[0m
  &amp#27;[32mAnd &amp#27;[0m&amp#27;[32mUser masuk ke dashboard&amp#27;[0m                                                               &amp#27;[90m# com.juaracoding.hadir.definitions.cummonsteps.CummonSteps.user_masuk_ke_dashboard()&amp#27;[0m
  &amp#27;[32mAnd &amp#27;[0m&amp#27;[32mUser masuk ke halaman Laporan&amp#27;[0m                                                         &amp#27;[90m# com.juaracoding.hadir.definitions.cummonsteps.CummonSteps.user_masuk_ke_halaman_laporan()&amp#27;[0m
  &amp#27;[32mAnd &amp#27;[0m&amp#27;[32mUser masuk ke halaman Laporan Koreksi&amp#27;[0m                                                 &amp#27;[90m# com.juaracoding.hadir.definitions.cummonsteps.CummonSteps.user_masuk_ke_halaman_laporan_koreksi()&amp#27;[0m
  &amp#27;[32mAnd &amp#27;[0m&amp#27;[32mUser pilih tanggal mulai dan tanggal akhir valid3&amp#27;[0m                                     &amp#27;[90m# com.juaracoding.hadir.definitions.laporanfeature.LaporanKoreksiSteps.user_pilih_tanggal_mulai_dan_tanggal_akhir_valid3()&amp#27;[0m
  &amp#27;[32mAnd &amp#27;[0m&amp#27;[32mUser klik tombol Cari&amp#27;[0m                                                                 &amp#27;[90m# com.juaracoding.hadir.definitions.cummonsteps.CummonSteps.user_klik_tombol_cari()&amp#27;[0m
  &amp#27;[32mThen &amp#27;[0m&amp#27;[32mSistem menampilkan semua data laporan koreksi berdasarkan tanggal yang dicari valid3&amp#27;[0m &amp#27;[90m# com.juaracoding.hadir.definitions.laporanfeature.LaporanKoreksiSteps.sistem_menampilkan_semua_data_laporan_koreksi_berdasarkan_tanggal_yang_dicari_valid3()&amp#27;[0m
  &amp#27;[32mAnd &amp#27;[0m&amp#27;[32mUser klik tombol Reset&amp#27;[0m                                                                &amp#27;[90m# com.juaracoding.hadir.definitions.laporanfeature.LaporanKoreksiSteps.user_klik_tombol_Reset()&amp#27;[0m
  &amp#27;[32mThen &amp#27;[0m&amp#27;[32mSistem menampilkan semua data laporan koreksi berdasarkan nama yang dicari valid3&amp#27;[0m    &amp#27;[90m# com.juaracoding.hadir.definitions.laporanfeature.LaporanKoreksiSteps.sistem_menampilkan_semua_data_laporan_koreksi_berdasarkan_nama_yang_dicari_valid3()&amp#27;[0m

    Embedding User melakukan reset pada pencarian laporan koreksi dengan tanggal valid [image/png 154396 bytes]

]]></system-out>
    <system-err><![CDATA[Agu 27, 2025 5:08:35 PM org.openqa.selenium.devtools.CdpVersionFinder findNearestMatch
WARNING: Unable to find an exact match for CDP version 139, returning the closest version; found: 138; Please update to a Selenium version that supports CDP version 139
]]></system-err>
  </testcase>
  <testcase name="runScenario[&quot;User mencari laporan koreksi berdasarkan filter untuk departemen yang ada&quot;, &quot;Laporan Koreksi&quot;](4)" classname="com.juaracoding.hadir.runners.RunnerTest" time="5.093">
    <system-out><![CDATA[
@positive
Scenario: User mencari laporan koreksi berdasarkan filter untuk departemen yang ada &amp#27;[90m# src/test/resources/features/LaporanKoreksi.feature:50&amp#27;[0m
  &amp#27;[32mGiven &amp#27;[0m&amp#27;[32mUser login sebagai admin&amp#27;[0m                                                    &amp#27;[90m# com.juaracoding.hadir.definitions.cummonsteps.CummonSteps.user_login_sebagai_admin()&amp#27;[0m
  &amp#27;[32mAnd &amp#27;[0m&amp#27;[32mUser masuk ke dashboard&amp#27;[0m                                                       &amp#27;[90m# com.juaracoding.hadir.definitions.cummonsteps.CummonSteps.user_masuk_ke_dashboard()&amp#27;[0m
  &amp#27;[32mAnd &amp#27;[0m&amp#27;[32mUser masuk ke halaman Laporan&amp#27;[0m                                                 &amp#27;[90m# com.juaracoding.hadir.definitions.cummonsteps.CummonSteps.user_masuk_ke_halaman_laporan()&amp#27;[0m
  &amp#27;[32mAnd &amp#27;[0m&amp#27;[32mUser masuk ke halaman Laporan Koreksi&amp#27;[0m                                         &amp#27;[90m# com.juaracoding.hadir.definitions.cummonsteps.CummonSteps.user_masuk_ke_halaman_laporan_koreksi()&amp#27;[0m
  &amp#27;[32mWhen &amp#27;[0m&amp#27;[32mUser klik tombol Filter by Departemen valid5&amp#27;[0m                                 &amp#27;[90m# com.juaracoding.hadir.definitions.laporanfeature.LaporanKoreksiSteps.user_klik_tombol_Filter_by_Departemen_valid5()&amp#27;[0m
  &amp#27;[32mAnd &amp#27;[0m&amp#27;[32mUser pilih atau ketik unit yang ingin dicari valid5&amp#27;[0m                           &amp#27;[90m# com.juaracoding.hadir.definitions.laporanfeature.LaporanKoreksiSteps.user_pilih_ketik_unit_yang_ingin_dicari_valid5()&amp#27;[0m
  &amp#27;[32mAnd &amp#27;[0m&amp#27;[32mUser klik tombol Terapkan&amp#27;[0m                                                     &amp#27;[90m# com.juaracoding.hadir.definitions.cummonsteps.CummonSteps.user_klik_tombol_Terapkan()&amp#27;[0m
  &amp#27;[32mThen &amp#27;[0m&amp#27;[32mSistem menampilkan data sesuai departemen yang dicari valid5&amp#27;[0m                 &amp#27;[90m# com.juaracoding.hadir.definitions.laporanfeature.LaporanKoreksiSteps.sistem_menampilkan_data_sesuai_departemen_yang_dicari_valid5()&amp#27;[0m

    Embedding User mencari laporan koreksi berdasarkan filter untuk departemen yang ada [image/png 93606 bytes]

]]></system-out>
    <system-err><![CDATA[Agu 27, 2025 5:08:40 PM org.openqa.selenium.devtools.CdpVersionFinder findNearestMatch
WARNING: Unable to find an exact match for CDP version 139, returning the closest version; found: 138; Please update to a Selenium version that supports CDP version 139
]]></system-err>
  </testcase>
  <testcase name="runScenario[&quot;User mencari laporan koreksi berdasarkan sebagian nama yang invalid&quot;, &quot;Laporan Koreksi&quot;](5)" classname="com.juaracoding.hadir.runners.RunnerTest" time="14.323">
    <system-out><![CDATA[
@negative
Scenario: User mencari laporan koreksi berdasarkan sebagian nama yang invalid &amp#27;[90m# src/test/resources/features/LaporanKoreksi.feature:76&amp#27;[0m
  &amp#27;[32mGiven &amp#27;[0m&amp#27;[32mUser login sebagai admin&amp#27;[0m                                              &amp#27;[90m# com.juaracoding.hadir.definitions.cummonsteps.CummonSteps.user_login_sebagai_admin()&amp#27;[0m
  &amp#27;[32mAnd &amp#27;[0m&amp#27;[32mUser masuk ke dashboard&amp#27;[0m                                                 &amp#27;[90m# com.juaracoding.hadir.definitions.cummonsteps.CummonSteps.user_masuk_ke_dashboard()&amp#27;[0m
  &amp#27;[32mAnd &amp#27;[0m&amp#27;[32mUser masuk ke halaman Laporan&amp#27;[0m                                           &amp#27;[90m# com.juaracoding.hadir.definitions.cummonsteps.CummonSteps.user_masuk_ke_halaman_laporan()&amp#27;[0m
  &amp#27;[32mAnd &amp#27;[0m&amp#27;[32mUser masuk ke halaman Laporan Koreksi&amp#27;[0m                                   &amp#27;[90m# com.juaracoding.hadir.definitions.cummonsteps.CummonSteps.user_masuk_ke_halaman_laporan_koreksi()&amp#27;[0m
  &amp#27;[32mWhen &amp#27;[0m&amp#27;[32mUser memasukkan nama yang invalid1 pada kolom search&amp#27;[0m                   &amp#27;[90m# com.juaracoding.hadir.definitions.laporanfeature.LaporanKoreksiSteps.user_memasukkan_nama_yang_invalid1_pada_kolom_search()&amp#27;[0m
  &amp#27;[32mAnd &amp#27;[0m&amp#27;[32mUser klik tombol Cari&amp#27;[0m                                                   &amp#27;[90m# com.juaracoding.hadir.definitions.cummonsteps.CummonSteps.user_klik_tombol_cari()&amp#27;[0m
DEBUG - Data tidak ditemukan: yanto
  &amp#27;[32mThen &amp#27;[0m&amp#27;[32mSistem tidak menampilkan data yang dicari data kosong invalid1&amp#27;[0m         &amp#27;[90m# com.juaracoding.hadir.definitions.laporanfeature.LaporanKoreksiSteps.sistem_tidak_menampilkan_data_yang_dicari_data_kosong_invalid1()&amp#27;[0m

    Embedding User mencari laporan koreksi berdasarkan sebagian nama yang invalid [image/png 81446 bytes]

]]></system-out>
    <system-err><![CDATA[Agu 27, 2025 5:08:45 PM org.openqa.selenium.devtools.CdpVersionFinder findNearestMatch
WARNING: Unable to find an exact match for CDP version 139, returning the closest version; found: 138; Please update to a Selenium version that supports CDP version 139
]]></system-err>
  </testcase>
  <testcase name="runScenario[&quot;User mencari laporan koreksi berdasarkan nama valid &amp; tanggal invalid&quot;, &quot;Laporan Koreksi&quot;](6)" classname="com.juaracoding.hadir.runners.RunnerTest" time="19.084">
    <system-out><![CDATA[
@negative
Scenario: User mencari laporan koreksi berdasarkan nama valid & tanggal invalid &amp#27;[90m# src/test/resources/features/LaporanKoreksi.feature:86&amp#27;[0m
  &amp#27;[32mGiven &amp#27;[0m&amp#27;[32mUser login sebagai admin&amp#27;[0m                                                &amp#27;[90m# com.juaracoding.hadir.definitions.cummonsteps.CummonSteps.user_login_sebagai_admin()&amp#27;[0m
  &amp#27;[32mAnd &amp#27;[0m&amp#27;[32mUser masuk ke dashboard&amp#27;[0m                                                   &amp#27;[90m# com.juaracoding.hadir.definitions.cummonsteps.CummonSteps.user_masuk_ke_dashboard()&amp#27;[0m
  &amp#27;[32mAnd &amp#27;[0m&amp#27;[32mUser masuk ke halaman Laporan&amp#27;[0m                                             &amp#27;[90m# com.juaracoding.hadir.definitions.cummonsteps.CummonSteps.user_masuk_ke_halaman_laporan()&amp#27;[0m
  &amp#27;[32mAnd &amp#27;[0m&amp#27;[32mUser masuk ke halaman Laporan Koreksi&amp#27;[0m                                     &amp#27;[90m# com.juaracoding.hadir.definitions.cummonsteps.CummonSteps.user_masuk_ke_halaman_laporan_koreksi()&amp#27;[0m
  &amp#27;[32mWhen &amp#27;[0m&amp#27;[32mUser memasukkan nama yang valid1 pada kolom search&amp#27;[0m                       &amp#27;[90m# com.juaracoding.hadir.definitions.laporanfeature.LaporanKoreksiSteps.user_memasukkan_nama_yang_valid1_pada_kolom_search()&amp#27;[0m
  &amp#27;[32mAnd &amp#27;[0m&amp#27;[32mUser pilih tanggal invalid2&amp#27;[0m                                               &amp#27;[90m# com.juaracoding.hadir.definitions.laporanfeature.LaporanKoreksiSteps.user_pilih_tanggal_invalid2()&amp#27;[0m
  &amp#27;[32mAnd &amp#27;[0m&amp#27;[32mUser klik tombol Cari&amp#27;[0m                                                     &amp#27;[90m# com.juaracoding.hadir.definitions.cummonsteps.CummonSteps.user_klik_tombol_cari()&amp#27;[0m
DEBUG - Data tidak ditemukan: Hadir SQA Testing 1
DEBUG Hasil: true
  &amp#27;[32mThen &amp#27;[0m&amp#27;[32mSistem tidak menampilkan data yang dicari invalid2&amp#27;[0m                       &amp#27;[90m# com.juaracoding.hadir.definitions.laporanfeature.LaporanKoreksiSteps.sistem_tidak_menampilkan_data_yang_dicari_invalid2()&amp#27;[0m

    Embedding User mencari laporan koreksi berdasarkan nama valid & tanggal invalid [image/png 83612 bytes]

]]></system-out>
    <system-err><![CDATA[Agu 27, 2025 5:08:59 PM org.openqa.selenium.devtools.CdpVersionFinder findNearestMatch
WARNING: Unable to find an exact match for CDP version 139, returning the closest version; found: 138; Please update to a Selenium version that supports CDP version 139
]]></system-err>
  </testcase>
  <testcase name="runScenario[&quot;User input tanggal dengan format tidak valid&quot;, &quot;Laporan Koreksi&quot;](7)" classname="com.juaracoding.hadir.runners.RunnerTest" time="14.744">
    <system-out><![CDATA[
@negative
Scenario: User input tanggal dengan format tidak valid    &amp#27;[90m# src/test/resources/features/LaporanKoreksi.feature:97&amp#27;[0m
  &amp#27;[32mGiven &amp#27;[0m&amp#27;[32mUser login sebagai admin&amp#27;[0m                          &amp#27;[90m# com.juaracoding.hadir.definitions.cummonsteps.CummonSteps.user_login_sebagai_admin()&amp#27;[0m
  &amp#27;[32mAnd &amp#27;[0m&amp#27;[32mUser masuk ke dashboard&amp#27;[0m                             &amp#27;[90m# com.juaracoding.hadir.definitions.cummonsteps.CummonSteps.user_masuk_ke_dashboard()&amp#27;[0m
  &amp#27;[32mAnd &amp#27;[0m&amp#27;[32mUser masuk ke halaman Laporan&amp#27;[0m                       &amp#27;[90m# com.juaracoding.hadir.definitions.cummonsteps.CummonSteps.user_masuk_ke_halaman_laporan()&amp#27;[0m
  &amp#27;[32mAnd &amp#27;[0m&amp#27;[32mUser masuk ke halaman Laporan Koreksi&amp#27;[0m               &amp#27;[90m# com.juaracoding.hadir.definitions.cummonsteps.CummonSteps.user_masuk_ke_halaman_laporan_koreksi()&amp#27;[0m
  &amp#27;[32mWhen &amp#27;[0m&amp#27;[32mUser pilih tanggal mulai dan akhir invalid3&amp#27;[0m        &amp#27;[90m# com.juaracoding.hadir.definitions.laporanfeature.LaporanKoreksiSteps.user_input_tanggal_dengan_format_tidak_valid3()&amp#27;[0m
  &amp#27;[32mAnd &amp#27;[0m&amp#27;[32mUser klik tombol Cari&amp#27;[0m                               &amp#27;[90m# com.juaracoding.hadir.definitions.cummonsteps.CummonSteps.user_klik_tombol_cari()&amp#27;[0m
DEBUG - Data tidak ditemukan: 28 Jun 2020
DEBUG Hasil: true
  &amp#27;[32mThen &amp#27;[0m&amp#27;[32mSistem tidak menampilkan data yang dicari invalid3&amp#27;[0m &amp#27;[90m# com.juaracoding.hadir.definitions.laporanfeature.LaporanKoreksiSteps.sistem_tidak_menampilkan_data_yang_dicari_invalid3()&amp#27;[0m

    Embedding User input tanggal dengan format tidak valid [image/png 83729 bytes]

]]></system-out>
    <system-err><![CDATA[Agu 27, 2025 5:09:18 PM org.openqa.selenium.devtools.CdpVersionFinder findNearestMatch
WARNING: Unable to find an exact match for CDP version 139, returning the closest version; found: 138; Please update to a Selenium version that supports CDP version 139
]]></system-err>
  </testcase>
  <testcase name="runScenario[&quot;User mencari laporan koreksi berdasarkan filter untuk departemen yang tidak ada&quot;, &quot;Laporan Koreksi&quot;](8)" classname="com.juaracoding.hadir.runners.RunnerTest" time="14.638">
    <system-out><![CDATA[
@negative
Scenario: User mencari laporan koreksi berdasarkan filter untuk departemen yang tidak ada &amp#27;[90m# src/test/resources/features/LaporanKoreksi.feature:121&amp#27;[0m
  &amp#27;[32mGiven &amp#27;[0m&amp#27;[32mUser login sebagai admin&amp#27;[0m                                                          &amp#27;[90m# com.juaracoding.hadir.definitions.cummonsteps.CummonSteps.user_login_sebagai_admin()&amp#27;[0m
  &amp#27;[32mAnd &amp#27;[0m&amp#27;[32mUser masuk ke dashboard&amp#27;[0m                                                             &amp#27;[90m# com.juaracoding.hadir.definitions.cummonsteps.CummonSteps.user_masuk_ke_dashboard()&amp#27;[0m
  &amp#27;[32mAnd &amp#27;[0m&amp#27;[32mUser masuk ke halaman Laporan&amp#27;[0m                                                       &amp#27;[90m# com.juaracoding.hadir.definitions.cummonsteps.CummonSteps.user_masuk_ke_halaman_laporan()&amp#27;[0m
  &amp#27;[32mAnd &amp#27;[0m&amp#27;[32mUser masuk ke halaman Laporan Koreksi&amp#27;[0m                                               &amp#27;[90m# com.juaracoding.hadir.definitions.cummonsteps.CummonSteps.user_masuk_ke_halaman_laporan_koreksi()&amp#27;[0m
  &amp#27;[32mWhen &amp#27;[0m&amp#27;[32mUser klik tombol filter by departemen invalid6&amp#27;[0m                                     &amp#27;[90m# com.juaracoding.hadir.definitions.laporanfeature.LaporanKoreksiSteps.user_klik_tombol_filter_by_departemen_invalid6()&amp#27;[0m
  &amp#27;[32mAnd &amp#27;[0m&amp#27;[32mUser pilih atau ketik departemen yang tidak ada&amp#27;[0m                                     &amp#27;[90m# com.juaracoding.hadir.definitions.laporanfeature.LaporanKoreksiSteps.user_pilih_ketik_departemen_yang_tidak_ada()&amp#27;[0m
  &amp#27;[32mAnd &amp#27;[0m&amp#27;[32mUser klik tombol Terapkan&amp#27;[0m                                                           &amp#27;[90m# com.juaracoding.hadir.definitions.cummonsteps.CummonSteps.user_klik_tombol_Terapkan()&amp#27;[0m
DEBUG - Data tidak ditemukan: Sales
  &amp#27;[32mThen &amp#27;[0m&amp#27;[32mSistem tidak menampilkan data sesuai departemen alias kosong&amp#27;[0m                       &amp#27;[90m# com.juaracoding.hadir.definitions.laporanfeature.LaporanKoreksiSteps.sistem_tidak_menampilkan_data_sesuai_departemen_alias_kosong()&amp#27;[0m

    Embedding User mencari laporan koreksi berdasarkan filter untuk departemen yang tidak ada [image/png 83313 bytes]

]]></system-out>
    <system-err><![CDATA[Agu 27, 2025 5:09:33 PM org.openqa.selenium.devtools.CdpVersionFinder findNearestMatch
WARNING: Unable to find an exact match for CDP version 139, returning the closest version; found: 138; Please update to a Selenium version that supports CDP version 139
]]></system-err>
  </testcase>
</testsuite>