<?xml version="1.0" encoding="UTF-8"?>
<!-- Generated by org.testng.reporters.JUnitReportReporter -->
<testsuite hostname="HYPE" failures="0" tests="8" name="com.juaracoding.hadir.runners.RunnerTest" time="83.018" errors="0" timestamp="2025-08-27T17:09:50 WIB" skipped="0">
  <testcase classname="com.juaracoding.hadir.runners.RunnerTest" name="runScenario" time="5.562"/>
  <testcase classname="com.juaracoding.hadir.runners.RunnerTest" name="runScenario" time="19.085"/>
  <testcase classname="com.juaracoding.hadir.runners.RunnerTest" name="runScenario" time="5.093"/>
  <testcase classname="com.juaracoding.hadir.runners.RunnerTest" name="runScenario" time="14.742"/>
  <testcase classname="com.juaracoding.hadir.runners.RunnerTest" name="runScenario" time="4.522"/>
  <testcase classname="com.juaracoding.hadir.runners.RunnerTest" name="runScenario" time="14.324"/>
  <testcase classname="com.juaracoding.hadir.runners.RunnerTest" name="runScenario" time="5.051"/>
  <testcase classname="com.juaracoding.hadir.runners.RunnerTest" name="runScenario" time="14.639"/>
</testsuite> <!-- com.juaracoding.hadir.runners.RunnerTest -->
